Der Buildvorgang wurde am 19.02.2015 20:05:45 gestartet.
     1>Projekt "C:\Users\Arrr\Documents\Visual Studio 2013\Projects\routing\routing\routing.vcxproj" auf Knoten "2", Rebuild Ziel(e).
     1>ClCompile:
         C:\Program Files (x86)\Microsoft Visual Studio 12.0\VC\bin\CL.exe /c /ZI /nologo /W3 /WX- /Od /Oy- /D WIN32 /D _DEBUG /D _CONSOLE /D _UNICODE /D UNICODE /Gm /EHsc /RTC1 /MDd /GS /fp:precise /Zc:wchar_t /Zc:forScope /Fo"Debug\\" /Fd"Debug\vc120.pdb" /Gd /TP /analyze- /errorReport:prompt main.cpp map.cpp math.cpp planner.cpp
         planner.cpp
         math.cpp
         map.cpp
         main.cpp
     1>c:\users\arrr\documents\visual studio 2013\projects\routing\routing\main.cpp(164): warning C4244: 'Argument': Konvertierung von 'time_t' in 'unsigned int', möglicher Datenverlust
     1>c:\users\arrr\documents\visual studio 2013\projects\routing\routing\main.cpp(87): warning C4101: 'mapx': Unreferenzierte lokale Variable
     1>c:\users\arrr\documents\visual studio 2013\projects\routing\routing\main.cpp(87): warning C4101: 'mapy': Unreferenzierte lokale Variable
         Code wird generiert...
       Link:
         C:\Program Files (x86)\Microsoft Visual Studio 12.0\VC\bin\link.exe /ERRORREPORT:PROMPT /OUT:"C:\Users\Arrr\Documents\Visual Studio 2013\Projects\routing\Debug\routing.exe" /INCREMENTAL /NOLOGO kernel32.lib user32.lib gdi32.lib winspool.lib comdlg32.lib advapi32.lib shell32.lib ole32.lib oleaut32.lib uuid.lib odbc32.lib odbccp32.lib /MANIFEST /MANIFESTUAC:"level='asInvoker' uiAccess='false'" /manifest:embed /DEBUG /PDB:"C:\Users\Arrr\Documents\Visual Studio 2013\Projects\routing\Debug\routing.pdb" /SUBSYSTEM:CONSOLE /TLBID:1 /DYNAMICBASE /NXCOMPAT /IMPLIB:"C:\Users\Arrr\Documents\Visual Studio 2013\Projects\routing\Debug\routing.lib" /MACHINE:X86 Debug\main.obj
         Debug\map.obj
         Debug\math.obj
         Debug\planner.obj
         routing.vcxproj -> C:\Users\Arrr\Documents\Visual Studio 2013\Projects\routing\Debug\routing.exe
     1>Die Erstellung des Projekts "C:\Users\Arrr\Documents\Visual Studio 2013\Projects\routing\routing\routing.vcxproj" ist abgeschlossen, Rebuild Ziel(e).

Build erfolgreich.

Verstrichene Zeit 00:00:02.10
